Start Synthesizing Wav File
SLURM_SUBMIT_DIR = /home/lapis/UGRP/tts/Tacotron2-Wavenet-Korean-TTS
CUDA_HOME = /opt/ohpc/pub/apps/cuda-10.0
CUDA_VISIBLE_DEVICES = 4,5
CUDA_VERSION=10.0
0: n16
0: /home/lapis/UGRP/tts/Tacotron2-Wavenet-Korean-TTS
0: Sat Sep 12 14:49:54 KST 2020
WARNING:tensorflow:From /home/lapis/UGRP/tts/Tacotron2-Wavenet-Korean-TTS/wavenet/ops.py:51: The name tf.layers.Conv2D is deprecated. Please use tf.compat.v1.layers.Conv2D instead.

WARNING:tensorflow:
The TensorFlow contrib module will not be included in TensorFlow 2.0.
For more information, please see:
  * https://github.com/tensorflow/community/blob/master/rfcs/20180907-contrib-sunset.md
  * https://github.com/tensorflow/addons
  * https://github.com/tensorflow/io (for I/O related ops)
If you depend on functionality not listed there, please file an issue.

Traceback (most recent call last):
  File "generate.py", line 280, in <module>
    main()
  File "generate.py", line 118, in main
    load_hparams(hparams, config.checkpoint_dir)
  File "/home/lapis/UGRP/tts/Tacotron2-Wavenet-Korean-TTS/utils/__init__.py", line 160, in load_hparams
    new_hparams = load_json(path)
  File "/home/lapis/UGRP/tts/Tacotron2-Wavenet-Korean-TTS/utils/__init__.py", line 174, in load_json
    with open(path,encoding=encoding) as f:
FileNotFoundError: [Errno 2] No such file or directory: './logdir-wavenet/train/2020-09-12/params.json'
Sat Sep 12 14:51:43 KST 2020
             JOBID PARTITION     NAME     USER ST       TIME  NODES NODELIST(REASON)
             29503 gpu-2080t KTacoSyn    lapis  R       1:50      1 n16
##### END #####
