Start Training Korean Wavenet Vocoder
SLURM_SUBMIT_DIR = /home/shchae7/UGRP/tts/Tacotron2-Wavenet-Korean-TTS
CUDA_HOME = /opt/ohpc/pub/apps/cuda-10.0
CUDA_VISIBLE_DEVICES = 4,5
CUDA_VERSION=10.0
0: n16
0: /home/shchae7/UGRP/tts/Tacotron2-Wavenet-Korean-TTS
0: Sat Sep 12 19:17:08 KST 2020
no change     /home/shchae7/anaconda3/condabin/conda
no change     /home/shchae7/anaconda3/bin/conda
no change     /home/shchae7/anaconda3/bin/conda-env
no change     /home/shchae7/anaconda3/bin/activate
no change     /home/shchae7/anaconda3/bin/deactivate
no change     /home/shchae7/anaconda3/etc/profile.d/conda.sh
no change     /home/shchae7/anaconda3/etc/fish/conf.d/conda.fish
no change     /home/shchae7/anaconda3/shell/condabin/Conda.psm1
no change     /home/shchae7/anaconda3/shell/condabin/conda-hook.ps1
no change     /home/shchae7/anaconda3/lib/python3.7/site-packages/xontrib/conda.xsh
no change     /home/shchae7/anaconda3/etc/profile.d/conda.csh
no change     /home/shchae7/.bashrc
No action taken.

CommandNotFoundError: Your shell has not been properly configured to use 'conda activate'.
To initialize your shell, run

    $ conda init <SHELL_NAME>

Currently supported shells are:
  - bash
  - fish
  - tcsh
  - xonsh
  - zsh
  - powershell

See 'conda init --help' for more information and options.

IMPORTANT: You may need to close and restart your shell after running 'conda init'.


/home/shchae7/anaconda3/envs/tf1-gpu-py36/lib/python3.6/site-packages/tensorflow/python/framework/dtypes.py:516: FutureWarning: Passing (type, 1) or '1type' as a synonym of type is deprecated; in a future version of numpy, it will be understood as (type, (1,)) / '(1,)type'.
  _np_qint8 = np.dtype([("qint8", np.int8, 1)])
/home/shchae7/anaconda3/envs/tf1-gpu-py36/lib/python3.6/site-packages/tensorflow/python/framework/dtypes.py:517: FutureWarning: Passing (type, 1) or '1type' as a synonym of type is deprecated; in a future version of numpy, it will be understood as (type, (1,)) / '(1,)type'.
  _np_quint8 = np.dtype([("quint8", np.uint8, 1)])
/home/shchae7/anaconda3/envs/tf1-gpu-py36/lib/python3.6/site-packages/tensorflow/python/framework/dtypes.py:518: FutureWarning: Passing (type, 1) or '1type' as a synonym of type is deprecated; in a future version of numpy, it will be understood as (type, (1,)) / '(1,)type'.
  _np_qint16 = np.dtype([("qint16", np.int16, 1)])
/home/shchae7/anaconda3/envs/tf1-gpu-py36/lib/python3.6/site-packages/tensorflow/python/framework/dtypes.py:519: FutureWarning: Passing (type, 1) or '1type' as a synonym of type is deprecated; in a future version of numpy, it will be understood as (type, (1,)) / '(1,)type'.
  _np_quint16 = np.dtype([("quint16", np.uint16, 1)])
/home/shchae7/anaconda3/envs/tf1-gpu-py36/lib/python3.6/site-packages/tensorflow/python/framework/dtypes.py:520: FutureWarning: Passing (type, 1) or '1type' as a synonym of type is deprecated; in a future version of numpy, it will be understood as (type, (1,)) / '(1,)type'.
  _np_qint32 = np.dtype([("qint32", np.int32, 1)])
/home/shchae7/anaconda3/envs/tf1-gpu-py36/lib/python3.6/site-packages/tensorflow/python/framework/dtypes.py:525: FutureWarning: Passing (type, 1) or '1type' as a synonym of type is deprecated; in a future version of numpy, it will be understood as (type, (1,)) / '(1,)type'.
  np_resource = np.dtype([("resource", np.ubyte, 1)])
/home/shchae7/anaconda3/envs/tf1-gpu-py36/lib/python3.6/site-packages/tensorboard/compat/tensorflow_stub/dtypes.py:541: FutureWarning: Passing (type, 1) or '1type' as a synonym of type is deprecated; in a future version of numpy, it will be understood as (type, (1,)) / '(1,)type'.
  _np_qint8 = np.dtype([("qint8", np.int8, 1)])
/home/shchae7/anaconda3/envs/tf1-gpu-py36/lib/python3.6/site-packages/tensorboard/compat/tensorflow_stub/dtypes.py:542: FutureWarning: Passing (type, 1) or '1type' as a synonym of type is deprecated; in a future version of numpy, it will be understood as (type, (1,)) / '(1,)type'.
  _np_quint8 = np.dtype([("quint8", np.uint8, 1)])
/home/shchae7/anaconda3/envs/tf1-gpu-py36/lib/python3.6/site-packages/tensorboard/compat/tensorflow_stub/dtypes.py:543: FutureWarning: Passing (type, 1) or '1type' as a synonym of type is deprecated; in a future version of numpy, it will be understood as (type, (1,)) / '(1,)type'.
  _np_qint16 = np.dtype([("qint16", np.int16, 1)])
/home/shchae7/anaconda3/envs/tf1-gpu-py36/lib/python3.6/site-packages/tensorboard/compat/tensorflow_stub/dtypes.py:544: FutureWarning: Passing (type, 1) or '1type' as a synonym of type is deprecated; in a future version of numpy, it will be understood as (type, (1,)) / '(1,)type'.
  _np_quint16 = np.dtype([("quint16", np.uint16, 1)])
/home/shchae7/anaconda3/envs/tf1-gpu-py36/lib/python3.6/site-packages/tensorboard/compat/tensorflow_stub/dtypes.py:545: FutureWarning: Passing (type, 1) or '1type' as a synonym of type is deprecated; in a future version of numpy, it will be understood as (type, (1,)) / '(1,)type'.
  _np_qint32 = np.dtype([("qint32", np.int32, 1)])
/home/shchae7/anaconda3/envs/tf1-gpu-py36/lib/python3.6/site-packages/tensorboard/compat/tensorflow_stub/dtypes.py:550: FutureWarning: Passing (type, 1) or '1type' as a synonym of type is deprecated; in a future version of numpy, it will be understood as (type, (1,)) / '(1,)type'.
  np_resource = np.dtype([("resource", np.ubyte, 1)])
WARNING:tensorflow:From /home/shchae7/UGRP/tts/Tacotron2-Wavenet-Korean-TTS/wavenet/ops.py:51: The name tf.layers.Conv2D is deprecated. Please use tf.compat.v1.layers.Conv2D instead.

WARNING:tensorflow:From vocoder_train.py:24: The name tf.logging.set_verbosity is deprecated. Please use tf.compat.v1.logging.set_verbosity instead.

WARNING:tensorflow:From vocoder_train.py:24: The name tf.logging.ERROR is deprecated. Please use tf.compat.v1.logging.ERROR instead.

2020-09-12 19:17:36.327745: I tensorflow/core/platform/cpu_feature_guard.cc:142] Your CPU supports instructions that this TensorFlow binary was not compiled to use: AVX2 AVX512F FMA
2020-09-12 19:17:36.340163: I tensorflow/stream_executor/platform/default/dso_loader.cc:42] Successfully opened dynamic library libcuda.so.1
2020-09-12 19:17:37.010931: I tensorflow/compiler/xla/service/service.cc:168] XLA service 0x560e70d262b0 executing computations on platform CUDA. Devices:
2020-09-12 19:17:37.011029: I tensorflow/compiler/xla/service/service.cc:175]   StreamExecutor device (0): GeForce RTX 2080 Ti, Compute Capability 7.5
2020-09-12 19:17:37.011056: I tensorflow/compiler/xla/service/service.cc:175]   StreamExecutor device (1): GeForce RTX 2080 Ti, Compute Capability 7.5
2020-09-12 19:17:37.018444: I tensorflow/core/platform/profile_utils/cpu_utils.cc:94] CPU Frequency: 2200000000 Hz
2020-09-12 19:17:37.020143: I tensorflow/compiler/xla/service/service.cc:168] XLA service 0x560e70e40a10 executing computations on platform Host. Devices:
2020-09-12 19:17:37.020198: I tensorflow/compiler/xla/service/service.cc:175]   StreamExecutor device (0): <undefined>, <undefined>
2020-09-12 19:17:37.023636: I tensorflow/core/common_runtime/gpu/gpu_device.cc:1640] Found device 0 with properties: 
name: GeForce RTX 2080 Ti major: 7 minor: 5 memoryClockRate(GHz): 1.545
pciBusID: 0000:b1:00.0
2020-09-12 19:17:37.026404: I tensorflow/core/common_runtime/gpu/gpu_device.cc:1640] Found device 1 with properties: 
name: GeForce RTX 2080 Ti major: 7 minor: 5 memoryClockRate(GHz): 1.545
pciBusID: 0000:b2:00.0
2020-09-12 19:17:37.027220: I tensorflow/stream_executor/platform/default/dso_loader.cc:42] Successfully opened dynamic library libcudart.so.10.0
2020-09-12 19:17:37.030087: I tensorflow/stream_executor/platform/default/dso_loader.cc:42] Successfully opened dynamic library libcublas.so.10.0
2020-09-12 19:17:37.032806: I tensorflow/stream_executor/platform/default/dso_loader.cc:42] Successfully opened dynamic library libcufft.so.10.0
2020-09-12 19:17:37.033494: I tensorflow/stream_executor/platform/default/dso_loader.cc:42] Successfully opened dynamic library libcurand.so.10.0
2020-09-12 19:17:37.036835: I tensorflow/stream_executor/platform/default/dso_loader.cc:42] Successfully opened dynamic library libcusolver.so.10.0
2020-09-12 19:17:37.039415: I tensorflow/stream_executor/platform/default/dso_loader.cc:42] Successfully opened dynamic library libcusparse.so.10.0
2020-09-12 19:17:37.046501: I tensorflow/stream_executor/platform/default/dso_loader.cc:42] Successfully opened dynamic library libcudnn.so.7
2020-09-12 19:17:37.056265: I tensorflow/core/common_runtime/gpu/gpu_device.cc:1763] Adding visible gpu devices: 0, 1
2020-09-12 19:17:37.056332: I tensorflow/stream_executor/platform/default/dso_loader.cc:42] Successfully opened dynamic library libcudart.so.10.0
2020-09-12 19:17:37.062505: I tensorflow/core/common_runtime/gpu/gpu_device.cc:1181] Device interconnect StreamExecutor with strength 1 edge matrix:
2020-09-12 19:17:37.062529: I tensorflow/core/common_runtime/gpu/gpu_device.cc:1187]      0 1 
2020-09-12 19:17:37.062546: I tensorflow/core/common_runtime/gpu/gpu_device.cc:1200] 0:   N N 
2020-09-12 19:17:37.062555: I tensorflow/core/common_runtime/gpu/gpu_device.cc:1200] 1:   N N 
2020-09-12 19:17:37.070225: I tensorflow/core/common_runtime/gpu/gpu_device.cc:1326] Created TensorFlow device (/job:localhost/replica:0/task:0/device:GPU:0 with 10283 MB memory) -> physical GPU (device: 0, name: GeForce RTX 2080 Ti, pci bus id: 0000:b1:00.0, compute capability: 7.5)
2020-09-12 19:17:37.073870: I tensorflow/core/common_runtime/gpu/gpu_device.cc:1326] Created TensorFlow device (/job:localhost/replica:0/task:0/device:GPU:1 with 10283 MB memory) -> physical GPU (device: 1, name: GeForce RTX 2080 Ti, pci bus id: 0000:b2:00.0, compute capability: 7.5)
2020-09-12 19:17:43.684227: W tensorflow/compiler/jit/mark_for_compilation_pass.cc:1412] (One-time warning): Not using XLA:CPU for cluster because envvar TF_XLA_FLAGS=--tf_xla_cpu_global_jit was not set.  If you want XLA:CPU, either set that envvar, or use experimental_jit_scope to enable XLA:CPU.  To confirm that XLA is active, pass --vmodule=xla_compilation_cache=1 (as a proper command-line flag, not via TF_XLA_FLAGS) or set the envvar XLA_FLAGS=--xla_hlo_profile.
2020-09-12 19:18:03.580174: I tensorflow/stream_executor/platform/default/dso_loader.cc:42] Successfully opened dynamic library libcudnn.so.7
Using default logdir: ./logdir-wavenet/train/2020-09-12T19-17-13
 [*] MODEL dir: ./logdir-wavenet/train/2020-09-12T19-17-13
 [*] PARAM path: ./logdir-wavenet/train/2020-09-12T19-17-13/params.json
Trying to restore saved checkpoints from ./logdir-wavenet/train/2020-09-12T19-17-13 ... No checkpoint found.
step 1 - loss = 11.777, (10.838 sec/step)
step 2 - loss = 11.574, (0.216 sec/step)
Storing checkpoint to ./logdir-wavenet/train/2020-09-12T19-17-13 ...2020-09-12 19:18:27.555145: I tensorflow/stream_executor/platform/default/dso_loader.cc:42] Successfully opened dynamic library libcublas.so.10.0
